<?xml version="1.0" encoding="UTF-8"?>
<testsuite xmlns:xsi="http://www.w3.org/2001/XMLSchema-instance" xsi:noNamespaceSchemaLocation="https://maven.apache.org/surefire/maven-surefire-plugin/xsd/surefire-test-report-3.0.xsd" version="3.0" name="TestSuite" time="28.617" tests="2" errors="0" skipped="0" failures="0">
  <properties>
[...]
</properties>
  <testcase name="test_Account_Registration" classname="testCases.TC_001_AccountRegistration" time="3.943">
    <system-err><![CDATA[SLF4J: Failed to load class "org.slf4j.impl.StaticLoggerBinder".
SLF4J: Defaulting to no-operation (NOP) logger implementation
SLF4J: See http://www.slf4j.org/codes.html#StaticLoggerBinder for further details.
1658364506965	geckodriver	INFO	Listening on 127.0.0.1:14530
1658364508270	mozrunner::runner	INFO	Running command: "C:\\Program Files\\Mozilla Firefox\\firefox.exe" "--marionette" "--remote-debugging-port" "9222" "--remote-allow-hosts" "localhost" "-no-remote" "-profile" "C:\\Users\\bravo\\AppData\\Local\\Temp\\rust_mozprofilevi0Qrn"
1658364509059	Marionette	INFO	Marionette enabled
console.warn: SearchSettings: "get: No settings file exists, new profile?" (new NotFoundError("Could not open the file at C:\\Users\\bravo\\AppData\\Local\\Temp\\rust_mozprofilevi0Qrn\\search.json.mozlz4", (void 0)))
DevTools listening on ws://localhost:9222/devtools/browser/13c4cda3-f49d-4b14-8c07-35d23854b4f3
1658364512104	Marionette	INFO	Listening on port 51822
Read port: 51822
1658364512158	RemoteAgent	WARN	TLS certificate errors will be ignored for this session
Jul 20, 2022 5:48:32 PM org.openqa.selenium.remote.ProtocolHandshake createSession
INFO: Detected dialect: W3C
console.warn: LoginRecipes: "getRecipes: falling back to a synchronous message for:" "https://demo.opencart.com"
console.warn: LoginRecipes: "getRecipes: falling back to a synchronous message for:" "https://demo.opencart.com"
JavaScript error: resource://gre/modules/LoginManagerParent.jsm, line 136: TypeError: gRecipeManager is null
]]></system-err>
  </testcase>
  <testcase name="test_Login" classname="testCases.TC_002_Login" time="3.378">
    <system-err><![CDATA[1658364519325	Marionette	INFO	Stopped listening on port 51822

###!!! [Parent][PGPUParent] Error: RunMessage(msgname=PGPU::Msg_ShutdownVR) Channel closing: too late to send/recv, messages will be lost

1658364520383	geckodriver	INFO	Listening on 127.0.0.1:7683
1658364520889	mozrunner::runner	INFO	Running command: "C:\\Program Files\\Mozilla Firefox\\firefox.exe" "--marionette" "--remote-debugging-port" "9222" "--remote-allow-hosts" "localhost" "-no-remote" "-profile" "C:\\Users\\bravo\\AppData\\Local\\Temp\\rust_mozprofileQeCWCr"
1658364521515	Marionette	INFO	Marionette enabled
console.warn: SearchSettings: "get: No settings file exists, new profile?" (new NotFoundError("Could not open the file at C:\\Users\\bravo\\AppData\\Local\\Temp\\rust_mozprofileQeCWCr\\search.json.mozlz4", (void 0)))
DevTools listening on ws://localhost:9222/devtools/browser/1313a672-344b-46e8-9a0e-1dc7662981b7
1658364523758	Marionette	INFO	Listening on port 51882
Read port: 51882
1658364523898	RemoteAgent	WARN	TLS certificate errors will be ignored for this session
Jul 20, 2022 5:48:43 PM org.openqa.selenium.remote.ProtocolHandshake createSession
INFO: Detected dialect: W3C
console.warn: LoginRecipes: "getRecipes: falling back to a synchronous message for:" "https://demo.opencart.com"
]]></system-err>
  </testcase>
</testsuite>