<?xml version="1.0" encoding="UTF-8"?>
<testng-results skipped="0" failed="0" ignored="0" total="1" passed="1">
  <reporter-output>
  </reporter-output>
  <suite name="Failed suite [OpenCart Test Suite]" duration-ms="13365" started-at="2022-07-18T13:33:23 PDT" finished-at="2022-07-18T13:33:36 PDT">
    <groups>
      <group name="regression">
        <method signature="TC_001_AccountRegistration.test_Account_Registration()[pri:0, instance:testCases.TC_001_AccountRegistration@64485a47]" name="test_Account_Registration" class="testCases.TC_001_AccountRegistration"/>
      </group> <!-- regression -->
      <group name="master">
        <method signature="TC_001_AccountRegistration.test_Account_Registration()[pri:0, instance:testCases.TC_001_AccountRegistration@64485a47]" name="test_Account_Registration" class="testCases.TC_001_AccountRegistration"/>
      </group> <!-- master -->
    </groups>
    <test name="OpenCart Test(failed)" duration-ms="13365" started-at="2022-07-18T13:33:23 PDT" finished-at="2022-07-18T13:33:36 PDT">
      <class name="testCases.TC_001_AccountRegistration">
        <test-method status="PASS" signature="setup(java.lang.String)[pri:0, instance:testCases.TC_001_AccountRegistration@64485a47]" name="setup" is-config="true" duration-ms="5955" started-at="2022-07-18T13:33:23 PDT" finished-at="2022-07-18T13:33:29 PDT">
          <params>
            <param index="0">
              <value>
                <![CDATA[firefox]]>
              </value>
            </param>
          </params>
          <reporter-output>
          </reporter-output>
        </test-method> <!-- setup -->
        <test-method status="PASS" signature="test_Account_Registration()[pri:0, instance:testCases.TC_001_AccountRegistration@64485a47]" name="test_Account_Registration" duration-ms="3102" started-at="2022-07-18T13:33:29 PDT" finished-at="2022-07-18T13:33:32 PDT">
          <reporter-output>
          </reporter-output>
        </test-method> <!-- test_Account_Registration -->
        <test-method status="PASS" signature="tearDown()[pri:0, instance:testCases.TC_001_AccountRegistration@64485a47]" name="tearDown" is-config="true" duration-ms="3991" started-at="2022-07-18T13:33:32 PDT" finished-at="2022-07-18T13:33:36 PDT">
          <reporter-output>
          </reporter-output>
        </test-method> <!-- tearDown -->
      </class> <!-- testCases.TC_001_AccountRegistration -->
    </test> <!-- OpenCart Test(failed) -->
  </suite> <!-- Failed suite [OpenCart Test Suite] -->
</testng-results>
